1553526012001	mozrunner::runner	INFO	Running command: "/Applications/Firefox.app/Contents/MacOS/firefox-bin" "-marionette" "-foreground" "-no-remote" "-profile" "/var/folders/vt/20h9m3y916b9ht0wx_756jgw0000gn/T/rust_mozprofile.Jvxu90AD6Ldd"
1553526014868	Marionette	INFO	Listening on port 63501
1553526014878	Marionette	WARN	TLS certificate errors will be ignored for this session
1553526041545	Marionette	INFO	Stopped listening on port 63501
1553526153902	mozrunner::runner	INFO	Running command: "/Applications/Firefox.app/Contents/MacOS/firefox-bin" "-marionette" "-foreground" "-no-remote" "-profile" "/var/folders/vt/20h9m3y916b9ht0wx_756jgw0000gn/T/rust_mozprofile.OTqvcC6mkxzz"
1553526156338	Marionette	INFO	Listening on port 63657
1553526156383	Marionette	WARN	TLS certificate errors will be ignored for this session
1553526224021	mozrunner::runner	INFO	Running command: "/Applications/Firefox.app/Contents/MacOS/firefox-bin" "-marionette" "-foreground" "-no-remote" "-profile" "/var/folders/vt/20h9m3y916b9ht0wx_756jgw0000gn/T/rust_mozprofile.Yud5Izd2kdwL"
1553526226738	Marionette	INFO	Listening on port 63733
1553526226806	Marionette	WARN	TLS certificate errors will be ignored for this session
1553526226836	Marionette	INFO	Stopped listening on port 63657
JavaScript error: https://my.gumtree.com/login, line 443: ReferenceError: threatmetrix is not defined
JavaScript error: https://my.gumtree.com/login, line 7: too much recursion
1553526971180	Marionette	INFO	Stopped listening on port 63733
1553526974334	mozrunner::runner	INFO	Running command: "/Applications/Firefox.app/Contents/MacOS/firefox-bin" "-marionette" "-foreground" "-no-remote" "-profile" "/var/folders/vt/20h9m3y916b9ht0wx_756jgw0000gn/T/rust_mozprofile.5XghNKiiQ0ke"
1553526976934	Marionette	INFO	Listening on port 64244
1553526977016	Marionette	WARN	TLS certificate errors will be ignored for this session
1553527062144	Marionette	INFO	Stopped listening on port 64244
1553527064533	mozrunner::runner	INFO	Running command: "/Applications/Firefox.app/Contents/MacOS/firefox-bin" "-marionette" "-foreground" "-no-remote" "-profile" "/var/folders/vt/20h9m3y916b9ht0wx_756jgw0000gn/T/rust_mozprofile.IHtnBLXIgVL9"
1553527066851	Marionette	INFO	Listening on port 64314
1553527066894	Marionette	WARN	TLS certificate errors will be ignored for this session
1553527154801	Marionette	INFO	Stopped listening on port 64314
1553527156690	mozrunner::runner	INFO	Running command: "/Applications/Firefox.app/Contents/MacOS/firefox-bin" "-marionette" "-foreground" "-no-remote" "-profile" "/var/folders/vt/20h9m3y916b9ht0wx_756jgw0000gn/T/rust_mozprofile.vDDG4EnwUoXb"
1553527158951	Marionette	INFO	Listening on port 64387
1553527158959	Marionette	WARN	TLS certificate errors will be ignored for this session
console.error: BroadcastService: 
  receivedBroadcastMessage: handler for
  remote-settings/monitor_changes
  threw error:
  Message: Error: Polling for changes failed: NetworkError when attempting to fetch resource..
  Stack:
    remoteSettingsFunction/remoteSettings.pollChanges@resource://services-settings/remote-settings.js:721:13

1553527309578	Marionette	INFO	Stopped listening on port 64387
